
(unity-panel-service:1816): Indicator-Appmenu-CRITICAL **: window_menu_model_new: assertion 'BAMF_IS_APPLICATION(app)' failed

(unity-panel-service:1816): Indicator-Appmenu-CRITICAL **: track_menus: assertion 'IS_WINDOW_MENU(menus)' failed

(unity-panel-service:1816): Indicator-Appmenu-CRITICAL **: window_menu_model_new: assertion 'BAMF_IS_APPLICATION(app)' failed

(unity-panel-service:1816): Indicator-Appmenu-CRITICAL **: track_menus: assertion 'IS_WINDOW_MENU(menus)' failed

(unity-panel-service:1816): Indicator-Appmenu-CRITICAL **: window_menu_model_new: assertion 'BAMF_IS_APPLICATION(app)' failed

(unity-panel-service:1816): Indicator-Appmenu-CRITICAL **: track_menus: assertion 'IS_WINDOW_MENU(menus)' failed

(unity-panel-service:1816): Indicator-Appmenu-CRITICAL **: menus_destroyed: assertion 'IS_WINDOW_MENU(wm)' failed

(unity-panel-service:1816): Indicator-Appmenu-CRITICAL **: menus_destroyed: assertion 'IS_WINDOW_MENU(wm)' failed

(unity-panel-service:1816): Indicator-Appmenu-CRITICAL **: menus_destroyed: assertion 'IS_WINDOW_MENU(wm)' failed

(unity-panel-service:1816): Indicator-Appmenu-CRITICAL **: menus_destroyed: assertion 'IS_WINDOW_MENU(wm)' failed

(unity-panel-service:1816): Indicator-Appmenu-CRITICAL **: menus_destroyed: assertion 'IS_WINDOW_MENU(wm)' failed

(unity-panel-service:1816): Indicator-Appmenu-CRITICAL **: menus_destroyed: assertion 'IS_WINDOW_MENU(wm)' failed

(unity-panel-service:1816): Indicator-Appmenu-CRITICAL **: menus_destroyed: assertion 'IS_WINDOW_MENU(wm)' failed

(unity-panel-service:1816): Indicator-Appmenu-CRITICAL **: menus_destroyed: assertion 'IS_WINDOW_MENU(wm)' failed

(unity-panel-service:1816): Indicator-Appmenu-CRITICAL **: menus_destroyed: assertion 'IS_WINDOW_MENU(wm)' failed

(unity-panel-service:1816): Indicator-Appmenu-CRITICAL **: menus_destroyed: assertion 'IS_WINDOW_MENU(wm)' failed

(unity-panel-service:1816): Indicator-Appmenu-CRITICAL **: menus_destroyed: assertion 'IS_WINDOW_MENU(wm)' failed

(unity-panel-service:1816): Indicator-Appmenu-CRITICAL **: menus_destroyed: assertion 'IS_WINDOW_MENU(wm)' failed

(unity-panel-service:1816): Indicator-Appmenu-CRITICAL **: menus_destroyed: assertion 'IS_WINDOW_MENU(wm)' failed

(unity-panel-service:1816): Indicator-Appmenu-CRITICAL **: menus_destroyed: assertion 'IS_WINDOW_MENU(wm)' failed

(unity-panel-service:1816): Indicator-Appmenu-CRITICAL **: menus_destroyed: assertion 'IS_WINDOW_MENU(wm)' failed

(unity-panel-service:1816): Indicator-Appmenu-CRITICAL **: menus_destroyed: assertion 'IS_WINDOW_MENU(wm)' failed

(unity-panel-service:1816): Indicator-Appmenu-CRITICAL **: menus_destroyed: assertion 'IS_WINDOW_MENU(wm)' failed

(unity-panel-service:1816): Indicator-Appmenu-CRITICAL **: menus_destroyed: assertion 'IS_WINDOW_MENU(wm)' failed

(unity-panel-service:1816): Indicator-Appmenu-CRITICAL **: menus_destroyed: assertion 'IS_WINDOW_MENU(wm)' failed

(unity-panel-service:1816): Indicator-Appmenu-CRITICAL **: menus_destroyed: assertion 'IS_WINDOW_MENU(wm)' failed

(unity-panel-service:1816): Indicator-Appmenu-CRITICAL **: menus_destroyed: assertion 'IS_WINDOW_MENU(wm)' failed

(unity-panel-service:1816): Indicator-Appmenu-CRITICAL **: menus_destroyed: assertion 'IS_WINDOW_MENU(wm)' failed

(unity-panel-service:1816): Indicator-Appmenu-CRITICAL **: menus_destroyed: assertion 'IS_WINDOW_MENU(wm)' failed

(unity-panel-service:1816): Indicator-Appmenu-CRITICAL **: menus_destroyed: assertion 'IS_WINDOW_MENU(wm)' failed

(unity-panel-service:1816): Indicator-Appmenu-CRITICAL **: menus_destroyed: assertion 'IS_WINDOW_MENU(wm)' failed

(unity-panel-service:1816): Indicator-Appmenu-CRITICAL **: window_menu_model_new: assertion 'BAMF_IS_APPLICATION(app)' failed

(unity-panel-service:1816): Indicator-Appmenu-CRITICAL **: track_menus: assertion 'IS_WINDOW_MENU(menus)' failed

(unity-panel-service:1816): Indicator-Appmenu-CRITICAL **: window_menu_model_new: assertion 'BAMF_IS_APPLICATION(app)' failed

(unity-panel-service:1816): Indicator-Appmenu-CRITICAL **: track_menus: assertion 'IS_WINDOW_MENU(menus)' failed

(unity-panel-service:1816): Indicator-Appmenu-CRITICAL **: window_menu_model_new: assertion 'BAMF_IS_APPLICATION(app)' failed

(unity-panel-service:1816): Indicator-Appmenu-CRITICAL **: track_menus: assertion 'IS_WINDOW_MENU(menus)' failed

(unity-panel-service:1816): Indicator-Appmenu-CRITICAL **: window_menu_model_new: assertion 'BAMF_IS_APPLICATION(app)' failed

(unity-panel-service:1816): Indicator-Appmenu-CRITICAL **: track_menus: assertion 'IS_WINDOW_MENU(menus)' failed

(unity-panel-service:1816): Indicator-Appmenu-CRITICAL **: window_menu_model_new: assertion 'BAMF_IS_APPLICATION(app)' failed

(unity-panel-service:1816): Indicator-Appmenu-CRITICAL **: track_menus: assertion 'IS_WINDOW_MENU(menus)' failed

(unity-panel-service:1816): Indicator-Appmenu-CRITICAL **: window_menu_model_new: assertion 'BAMF_IS_APPLICATION(app)' failed

(unity-panel-service:1816): Indicator-Appmenu-CRITICAL **: track_menus: assertion 'IS_WINDOW_MENU(menus)' failed

(unity-panel-service:1816): Indicator-Appmenu-CRITICAL **: window_menu_model_new: assertion 'BAMF_IS_APPLICATION(app)' failed

(unity-panel-service:1816): Indicator-Appmenu-CRITICAL **: track_menus: assertion 'IS_WINDOW_MENU(menus)' failed

(unity-panel-service:1816): Indicator-Appmenu-CRITICAL **: menus_destroyed: assertion 'IS_WINDOW_MENU(wm)' failed

(unity-panel-service:1816): Indicator-Appmenu-CRITICAL **: window_menu_model_new: assertion 'BAMF_IS_APPLICATION(app)' failed

(unity-panel-service:1816): Indicator-Appmenu-CRITICAL **: track_menus: assertion 'IS_WINDOW_MENU(menus)' failed

(unity-panel-service:1816): Indicator-Appmenu-CRITICAL **: window_menu_model_new: assertion 'BAMF_IS_APPLICATION(app)' failed

(unity-panel-service:1816): Indicator-Appmenu-CRITICAL **: track_menus: assertion 'IS_WINDOW_MENU(menus)' failed

(unity-panel-service:1816): Indicator-Appmenu-CRITICAL **: window_menu_model_new: assertion 'BAMF_IS_APPLICATION(app)' failed

(unity-panel-service:1816): Indicator-Appmenu-CRITICAL **: track_menus: assertion 'IS_WINDOW_MENU(menus)' failed

(unity-panel-service:1816): Indicator-Appmenu-WARNING **: Already have a menu for window ID 60817425 with path /com/canonical/menu/3A00011 from :1.131, unregistering that one

(unity-panel-service:1816): Indicator-Appmenu-CRITICAL **: window_menu_model_new: assertion 'BAMF_IS_APPLICATION(app)' failed

(unity-panel-service:1816): Indicator-Appmenu-CRITICAL **: track_menus: assertion 'IS_WINDOW_MENU(menus)' failed

(unity-panel-service:1816): Indicator-Appmenu-CRITICAL **: menus_destroyed: assertion 'IS_WINDOW_MENU(wm)' failed

(unity-panel-service:1816): Indicator-Appmenu-CRITICAL **: menus_destroyed: assertion 'IS_WINDOW_MENU(wm)' failed

(unity-panel-service:1816): Indicator-Appmenu-WARNING **: Already have a menu for window ID 52428817 with path /com/canonical/menu/3200011 from :1.165, unregistering that one

(unity-panel-service:1816): Indicator-Appmenu-CRITICAL **: menus_destroyed: assertion 'IS_WINDOW_MENU(wm)' failed

(unity-panel-service:1816): Indicator-Appmenu-CRITICAL **: menus_destroyed: assertion 'IS_WINDOW_MENU(wm)' failed

(unity-panel-service:1816): Indicator-Appmenu-CRITICAL **: menus_destroyed: assertion 'IS_WINDOW_MENU(wm)' failed
