OpenGL vendor string:   VMware, Inc.
OpenGL renderer string: SVGA3D; build: RELEASE;  LLVM;
OpenGL version string:  3.0 Mesa 18.0.5

Not software rendered:    [32;01myes[00m
Not blacklisted:          [32;01myes[00m
GLX fbconfig:             [32;01myes[00m
GLX texture from pixmap:  [32;01myes[00m
GL npot or rect textures: [32;01myes[00m
GL vertex program:        [32;01myes[00m
GL fragment program:      [32;01myes[00m
GL vertex buffer object:  [32;01myes[00m
GL framebuffer object:    [32;01myes[00m
GL version is 1.4+:       [32;01myes[00m

Unity 3D supported:       [32;01myes[00m
Using compiz profile 'ubuntu:unity'
dbus-update-activation-environment: setting COMPIZ_CONFIG_PROFILE=ubuntu
dbus-update-activation-environment: setting UNITY_HAS_3D_SUPPORT=true
dbus-update-activation-environment: setting UNITY_DEFAULT_PROFILE=unity
compizconfig - Info: Backend     : gsettings
compizconfig - Info: Integration : true
compizconfig - Info: Profile     : unity
We're already using profile 'unity', no need to switch
compizconfig - Info: Backend     : gsettings
compizconfig - Info: Integration : true
compizconfig - Info: Profile     : unity
Setting plugin 'unityshell' to active
compiz (core) - Info: Loading plugin: core
compiz (core) - Info: Starting plugin: core
compiz (core) - Info: Loading plugin: ccp
compiz (core) - Info: Starting plugin: ccp
compizconfig - Info: Backend     : gsettings
compizconfig - Info: Integration : true
compizconfig - Info: Profile     : unity
compiz (core) - Info: Loading plugin: composite
compiz (core) - Info: Starting plugin: composite
compiz (core) - Info: Loading plugin: opengl
compiz (core) - Info: Starting plugin: opengl
compiz (core) - Info: Loading plugin: imgpng
compiz (core) - Info: Starting plugin: imgpng
compiz (core) - Info: Loading plugin: snap
compiz (core) - Info: Starting plugin: snap
compiz (core) - Info: Loading plugin: wall
compiz (core) - Info: Starting plugin: wall
compiz (core) - Info: Loading plugin: compiztoolbox
compiz (core) - Info: Starting plugin: compiztoolbox
compiz (core) - Info: Loading plugin: vpswitch
compiz (core) - Info: Starting plugin: vpswitch
compiz (core) - Info: Loading plugin: move
compiz (core) - Info: Starting plugin: move
compiz (core) - Info: Loading plugin: resize
compiz (core) - Info: Starting plugin: resize
compiz (core) - Info: Loading plugin: grid
compiz (core) - Info: Starting plugin: grid
compiz (core) - Info: Loading plugin: regex
compiz (core) - Info: Starting plugin: regex
compiz (core) - Info: Loading plugin: place
compiz (core) - Info: Starting plugin: place
compiz (core) - Info: Loading plugin: mousepoll
compiz (core) - Info: Starting plugin: mousepoll
compiz (core) - Info: Loading plugin: session
compiz (core) - Info: Starting plugin: session
compiz (core) - Info: Loading plugin: animation
compiz (core) - Info: Starting plugin: animation
compiz (core) - Info: Loading plugin: expo
compiz (core) - Info: Starting plugin: expo
compiz (core) - Info: Loading plugin: fade
compiz (core) - Info: Starting plugin: fade
compiz (core) - Info: Loading plugin: workarounds
compiz (core) - Info: Starting plugin: workarounds
compiz (core) - Info: Loading plugin: scale
compiz (core) - Info: Starting plugin: scale
compiz (core) - Info: Loading plugin: ezoom
compiz (core) - Info: Starting plugin: ezoom
compiz (core) - Info: Loading plugin: unityshell
compiz (core) - Info: Starting plugin: unityshell
WARN  2019-01-30 10:23:09 unity.glib.dbus.server GLibDBusServer.cpp:593 Can't register object 'org.gnome.Shell' yet as we don't have a connection, waiting for it...
WARN  2019-01-30 10:23:09 unity.debug.interface DebugDBusInterface.cpp:217 Unable to load entry point in libxpathselect: libxpathselect.so.1.4: cannot open shared object file: No such file or directory -- full D-Bus introspection will not be available
WARN  2019-01-30 10:23:09 unity.glib.dbus.server GLibDBusServer.cpp:593 Can't register object 'org.gnome.SessionManager.EndSessionDialog' yet as we don't have a connection, waiting for it...
WARN  2019-01-30 10:23:09 xim.controller XIMController.cpp:103 IBus natively supported.
WARN  2019-01-30 10:23:10 unity.dash.gsettingsscopereader GSettingsScopes.cpp:108 Error fetching protocol metadata for scope: social.scope : Valid key file could not be found in search dirs
WARN  2019-01-30 10:23:10 unity.glib.dbus.server GLibDBusServer.cpp:593 Can't register object 'com.canonical.Unity.Launcher' yet as we don't have a connection, waiting for it...
WARN  2019-01-30 10:23:11 unity.glib.dbus.server GLibDBusServer.cpp:593 Can't register object 'com.canonical.Unity.Dash' yet as we don't have a connection, waiting for it...
WARN  2019-01-30 10:23:11 unity.glib.dbus.server GLibDBusServer.cpp:593 Can't register object 'com.canonical.Unity.Session' yet as we don't have a connection, waiting for it...
WARN  2019-01-30 10:23:11 unity.glib.dbus.server GLibDBusServer.cpp:593 Can't register object 'org.gnome.ScreenSaver' yet as we don't have a connection, waiting for it...
compiz (core) - Info: Loading plugin: switcher
compiz (core) - Info: Starting plugin: switcher
WARN  2019-01-30 10:23:11 unityo (appinfo2) <unknown>:0 g_settings_set_value: value for key 'visual-bell-type' in schema 'org.gnome.desktop.wm.preferences' is outside of valid range
WARN  2019-01-30 10:23:13 unityo (appinfo2) <unknown>:0 g_settings_set_value: value for key 'visual-bell-type' in schema 'org.gnome.desktop.wm.preferences' is outside of valid range
WARN  2019-01-30 10:23:13 unityo (appinfo2) <unknown>:0 g_settings_set_value: value for key 'visual-bell-type' in schema 'org.gnome.desktop.wm.preferences' is outside of valid range
WARN  2019-01-30 10:23:13 unityo (appinfo2) <unknown>:0 g_settings_set_value: value for key 'visual-bell-type' in schema 'org.gnome.desktop.wm.preferences' is outside of valid range
WARN  2019-01-30 10:23:13 unityo (appinfo2) <unknown>:0 g_settings_set_value: value for key 'visual-bell-type' in schema 'org.gnome.desktop.wm.preferences' is outside of valid range
WARN  2019-01-30 10:23:13 unityo (appinfo2) <unknown>:0 g_settings_set_value: value for key 'visual-bell-type' in schema 'org.gnome.desktop.wm.preferences' is outside of valid range
WARN  2019-01-30 10:23:13 unityo (appinfo2) <unknown>:0 g_settings_set_value: value for key 'visual-bell-type' in schema 'org.gnome.desktop.wm.preferences' is outside of valid range
WARN  2019-01-30 10:23:13 unityo (appinfo2) <unknown>:0 g_settings_set_value: value for key 'visual-bell-type' in schema 'org.gnome.desktop.wm.preferences' is outside of valid range
WARN  2019-01-30 10:23:13 unityo (appinfo2) <unknown>:0 g_settings_set_value: value for key 'visual-bell-type' in schema 'org.gnome.desktop.wm.preferences' is outside of valid range
WARN  2019-01-30 10:23:13 unityo (appinfo2) <unknown>:0 g_settings_set_value: value for key 'visual-bell-type' in schema 'org.gnome.desktop.wm.preferences' is outside of valid range
WARN  2019-01-30 10:23:13 unityo (appinfo2) <unknown>:0 g_settings_set_value: value for key 'visual-bell-type' in schema 'org.gnome.desktop.wm.preferences' is outside of valid range
WARN  2019-01-30 10:23:13 unityo (appinfo2) <unknown>:0 g_settings_set_value: value for key 'visual-bell-type' in schema 'org.gnome.desktop.wm.preferences' is outside of valid range
WARN  2019-01-30 10:23:13 unityo (appinfo2) <unknown>:0 g_settings_set_value: value for key 'visual-bell-type' in schema 'org.gnome.desktop.wm.preferences' is outside of valid range
WARN  2019-01-30 10:23:13 unityo (appinfo2) <unknown>:0 g_settings_set_value: value for key 'visual-bell-type' in schema 'org.gnome.desktop.wm.preferences' is outside of valid range
WARN  2019-01-30 10:23:13 unityo (appinfo2) <unknown>:0 g_settings_set_value: value for key 'visual-bell-type' in schema 'org.gnome.desktop.wm.preferences' is outside of valid range
WARN  2019-01-30 10:23:13 unityo (appinfo2) <unknown>:0 g_settings_set_value: value for key 'visual-bell-type' in schema 'org.gnome.desktop.wm.preferences' is outside of valid range
ERROR 2019-01-30 10:23:14 unity.glib.dbus.server GLibDBusServer.cpp:538 DBus name lost 'org.gnome.Shell'
ERROR 2019-01-30 10:23:14 unity.glib.dbus.server GLibDBusServer.cpp:538 DBus name lost 'com.canonical.Unity'
WARN  2019-01-30 10:23:14 unity.key.gnome.grabber GnomeKeyGrabber.cpp:108 Trying to grab a disabled action, we skip it
WARN  2019-01-30 10:23:14 unity.key.gnome.grabber GnomeKeyGrabber.cpp:108 Trying to grab a disabled action, we skip it
WARN  2019-01-30 10:23:14 unity.key.gnome.grabber GnomeKeyGrabber.cpp:108 Trying to grab a disabled action, we skip it
WARN  2019-01-30 10:23:14 unity.key.gnome.grabber GnomeKeyGrabber.cpp:108 Trying to grab a disabled action, we skip it
WARN  2019-01-30 10:23:14 unity.key.gnome.grabber GnomeKeyGrabber.cpp:108 Trying to grab a disabled action, we skip it
WARN  2019-01-30 10:23:14 unity.key.gnome.grabber GnomeKeyGrabber.cpp:108 Trying to grab a disabled action, we skip it
WARN  2019-01-30 10:23:14 unity.key.gnome.grabber GnomeKeyGrabber.cpp:108 Trying to grab a disabled action, we skip it
WARN  2019-01-30 10:23:14 unity.key.gnome.grabber GnomeKeyGrabber.cpp:108 Trying to grab a disabled action, we skip it
WARN  2019-01-30 10:23:14 unity.key.gnome.grabber GnomeKeyGrabber.cpp:108 Trying to grab a disabled action, we skip it
WARN  2019-01-30 10:23:14 unity.key.gnome.grabber GnomeKeyGrabber.cpp:108 Trying to grab a disabled action, we skip it
failed to create drawable
compiz (core) - Warn: glXCreatePixmap failed
compiz (core) - Warn: Couldn't bind background pixmap 0x2a00001 to texture
failed to create drawable
compiz (core) - Warn: glXCreatePixmap failed
compiz (core) - Warn: Couldn't bind background pixmap 0x2e00001 to texture
WARN  2019-01-30 10:25:20 unityct(io) <unknown>:0 Unable to load keyfile from file 'synaptic.desktop': No such file or directory
WARN  2019-01-30 10:25:28 unity.iconloader IconLoader.cpp:756 Unable to load icon file:/// at size -1x22: Can't open directory
WARN  2019-01-30 10:25:28 unity.iconloader IconLoader.cpp:756 Unable to load icon file:/// at size -1x36: Can't open directory

** (unity-webapps-runner:13226): WARNING **: Could not get a proper accuracy from Geoclue (NONE)
** Message: Launching webapp container for url 'http://www.amazon.com/?tag=u1webapp-20' and app_id 'ubuntu-amazon-default (command line 'webapp-container --app-id='ubuntu-amazon-default' --webapp --enable-back-forward   http://www.amazon.com/?tag=u1webapp-20')
Invalid webapp webapp definition: homepage not found or fails predicate isString
Could not open manifest file:  "/usr/share/unity-webapps/userscripts/unity-webapps-amazon/manifest.json"
qml: Loading webview on /home/mihaoyang/.local/share/ubuntu-amazon-default
Invalid webapp webapp definition: homepage not found or fails predicate isString
Could not open manifest file:  "/usr/share/unity-webapps/userscripts/unity-webapps-amazon/manifest.json"
QQmlExpression: Expression file:///usr/share/webbrowser-app/webcontainer/WebApp.qml:273:25 depends on non-NOTIFYable properties:
    unity::action::qml::ActionManager::globalContext
[0130/103550.017419:ERROR:child_thread_impl.cc(762)] Request for unknown Channel-associated interface: ui::mojom::GpuMain
qml: Loaded 8 UA override(s) from file:///usr/lib/i386-linux-gnu/qt5/qml/Ubuntu/Web/ua-overrides-mobile.js
OxideQQuickWebView: canGoForward is deprecated. Please use the API provided by OxideQQuickNavigationHistory instead
OxideQQuickWebView: canGoBack is deprecated. Please use the API provided by OxideQQuickNavigationHistory instead
qml: Start browsing
file:///usr/share/webbrowser-app/webcontainer/ContentPickerDialog.qml:22:1: module "Ubuntu.Content" is not installed
file:///usr/share/webbrowser-app/webcontainer/ContentDownloadDialog.qml:22:1: module "Ubuntu.Content" is not installed
file:///usr/share/webbrowser-app/ContentHandler.qml:20:1: module "Ubuntu.Content" is not installed
file:///usr/share/webbrowser-app/Downloader.qml:22:1: module "Ubuntu.DownloadManager" is not installed
file:///usr/share/webbrowser-app/Downloader.qml:23:1: module "Ubuntu.Content" is not installed
file:///usr/share/webbrowser-app/Downloader.qml:22:1: module "Ubuntu.DownloadManager" is not installed
file:///usr/share/webbrowser-app/Downloader.qml:23:1: module "Ubuntu.Content" is not installed
qml: Loaded 8 UA override(s) from file:///usr/lib/i386-linux-gnu/qt5/qml/Ubuntu/Web/ua-overrides-desktop.js
context mismatch in svga_sampler_view_destroy
Error executing command as another user: Request dismissed
WARN  2019-01-30 13:50:47 unity <unknown>:0 Unable to fetch children: GDBus.Error:org.freedesktop.DBus.Error.UnknownMethod: No such interface 'org.ayatana.bamf.view' on object at path /org/ayatana/bamf/application/391674220

WARN  2019-01-30 13:50:47 unity <unknown>:0 Failed to fetch path: GDBus.Error:org.freedesktop.DBus.Error.UnknownMethod: No such interface 'org.ayatana.bamf.application' on object at path /org/ayatana/bamf/application/391674220
WARN  2019-01-30 13:50:47 unity <unknown>:0 Failed to fetch path: GDBus.Error:org.freedesktop.DBus.Error.UnknownMethod: No such interface 'org.ayatana.bamf.application' on object at path /org/ayatana/bamf/application/391674220
WARN  2019-01-30 13:50:47 unity <unknown>:0 Failed to fetch path: GDBus.Error:org.freedesktop.DBus.Error.UnknownMethod: No such interface 'org.ayatana.bamf.application' on object at path /org/ayatana/bamf/application/391674220
WARN  2019-01-30 13:50:47 unity <unknown>:0 Failed to fetch path: GDBus.Error:org.freedesktop.DBus.Error.UnknownMethod: No such interface 'org.ayatana.bamf.application' on object at path /org/ayatana/bamf/application/391674220
WARN  2019-01-30 13:50:47 unity <unknown>:0 Failed to fetch path: GDBus.Error:org.freedesktop.DBus.Error.UnknownMethod: No such interface 'org.ayatana.bamf.application' on object at path /org/ayatana/bamf/application/391674220
WARN  2019-01-30 13:50:47 unity <unknown>:0 Failed to fetch path: GDBus.Error:org.freedesktop.DBus.Error.UnknownMethod: No such interface 'org.ayatana.bamf.application' on object at path /org/ayatana/bamf/application/391674220
WARN  2019-01-30 13:50:47 unity <unknown>:0 Failed to fetch path: GDBus.Error:org.freedesktop.DBus.Error.UnknownMethod: No such interface 'org.ayatana.bamf.application' on object at path /org/ayatana/bamf/application/391674220
WARN  2019-01-30 13:50:47 unity <unknown>:0 Failed to fetch path: GDBus.Error:org.freedesktop.DBus.Error.UnknownMethod: No such interface 'org.ayatana.bamf.application' on object at path /org/ayatana/bamf/application/391674220
ERROR 2019-01-30 14:04:32 unityg_mem_chunk_alloc0 <unknown>:0 g_sequence_get: assertion '!is_end (iter)' failed
ERROR 2019-01-30 14:04:32 unity null <unknown>:0 Unable to get value. NULL row data in DeeSequenceModel@0xa3987a8 at position 6. The row has probably been removed
ERROR 2019-01-30 14:04:32 unity null <unknown>:0 Unable to get string. Column 5 in DeeSequenceModel@0xa3987a8 holds a NULL value in row 6
ERROR 2019-01-30 14:06:06 unityg_mem_chunk_alloc0 <unknown>:0 g_sequence_get: assertion '!is_end (iter)' failed
ERROR 2019-01-30 14:06:06 unity null <unknown>:0 Unable to get value. NULL row data in DeeSequenceModel@0xa3987a8 at position 6. The row has probably been removed
ERROR 2019-01-30 14:06:06 unity null <unknown>:0 Unable to get string. Column 5 in DeeSequenceModel@0xa3987a8 holds a NULL value in row 6
WARN  2019-01-30 14:08:41 unity <unknown>:0 Anchor-height and corner-radius a higher than whole texture!
WARN  2019-01-30 14:08:41 unity <unknown>:0 Anchor-height and corner-radius a higher than whole texture!
ERROR 2019-01-30 15:31:24 unityg_mem_chunk_alloc0 <unknown>:0 g_sequence_get: assertion '!is_end (iter)' failed
ERROR 2019-01-30 15:31:24 unity null <unknown>:0 Unable to get value. NULL row data in DeeSequenceModel@0xa3987a8 at position 7. The row has probably been removed
ERROR 2019-01-30 15:31:24 unity null <unknown>:0 Unable to get string. Column 5 in DeeSequenceModel@0xa3987a8 holds a NULL value in row 7
ERROR 2019-01-30 15:31:31 unityg_mem_chunk_alloc0 <unknown>:0 g_sequence_get: assertion '!is_end (iter)' failed
ERROR 2019-01-30 15:31:31 unity null <unknown>:0 Unable to get value. NULL row data in DeeSequenceModel@0xa3987a8 at position 7. The row has probably been removed
ERROR 2019-01-30 15:31:31 unity null <unknown>:0 Unable to get string. Column 5 in DeeSequenceModel@0xa3987a8 holds a NULL value in row 7
ERROR 2019-01-30 15:31:31 unityg_mem_chunk_alloc0 <unknown>:0 g_sequence_get: assertion '!is_end (iter)' failed
ERROR 2019-01-30 15:31:31 unity null <unknown>:0 Unable to get value. NULL row data in DeeSequenceModel@0xa3987a8 at position 7. The row has probably been removed
ERROR 2019-01-30 15:31:31 unity null <unknown>:0 Unable to get string. Column 5 in DeeSequenceModel@0xa3987a8 holds a NULL value in row 7
ERROR 2019-01-30 15:52:56 nux.gestures_subscription GesturesSubscription.cpp:93 Failed to deactivate Geis subscription.
ERROR 2019-01-30 15:52:56 nux.gestures_subscription GesturesSubscription.cpp:93 Failed to deactivate Geis subscription.
ERROR 2019-01-30 15:52:56 nux.gestures_subscription GesturesSubscription.cpp:93 Failed to deactivate Geis subscription.
[Parent 13716, Gecko_IOThread] WARNING: pipe error (79): Connection reset by peer: file /build/firefox-Fi74rA/firefox-61.0.1+build1/ipc/chromium/src/chrome/common/ipc_channel_posix.cc, line 353
[Parent 13716, Gecko_IOThread] WARNING: pipe error (100): Connection reset by peer: file /build/firefox-Fi74rA/firefox-61.0.1+build1/ipc/chromium/src/chrome/common/ipc_channel_posix.cc, line 353
